[0.046s] DEBUG:colcon:Command line arguments: ['/usr/bin/colcon', 'build', '--symlink-install']
[0.047s] DEBUG:colcon:Parsed command line arguments: Namespace(log_base=None, log_level=None, verb_name='build', build_base='build', install_base='install', merge_install=False, symlink_install=True, test_result_base=None, continue_on_error=False, executor='parallel', parallel_workers=32, event_handlers=None, ignore_user_meta=False, metas=['./colcon.meta'], base_paths=['.'], packages_ignore=None, packages_ignore_regex=None, paths=None, packages_up_to=None, packages_up_to_regex=None, packages_above=None, packages_above_and_dependencies=None, packages_above_depth=None, packages_select_by_dep=None, packages_skip_by_dep=None, packages_skip_up_to=None, packages_select_build_failed=False, packages_skip_build_finished=False, packages_select_test_failures=False, packages_skip_test_passed=False, packages_select=None, packages_skip=None, packages_select_regex=None, packages_skip_regex=None, packages_start=None, packages_end=None, allow_overriding=[], cmake_args=None, cmake_target=None, cmake_target_skip_unavailable=False, cmake_clean_cache=False, cmake_clean_first=False, cmake_force_configure=False, ament_cmake_args=None, catkin_cmake_args=None, catkin_skip_building_tests=False, mixin_files=None, mixin=None, verb_parser=<colcon_mixin.mixin.mixin_argument.MixinArgumentDecorator object at 0x71c33257b950>, verb_extension=<colcon_core.verb.build.BuildVerb object at 0x71c33257b5f0>, main=<bound method BuildVerb.main of <colcon_core.verb.build.BuildVerb object at 0x71c33257b5f0>>, mixin_verb=('build',))
[0.064s] Level 1:colcon.colcon_core.package_discovery:discover_packages(colcon_meta) check parameters
[0.064s] Level 1:colcon.colcon_core.package_discovery:discover_packages(recursive) check parameters
[0.064s] Level 1:colcon.colcon_core.package_discovery:discover_packages(ignore) check parameters
[0.064s] Level 1:colcon.colcon_core.package_discovery:discover_packages(path) check parameters
[0.064s] Level 1:colcon.colcon_core.package_discovery:discover_packages(colcon_meta) discover
[0.064s] Level 1:colcon.colcon_core.package_discovery:discover_packages(recursive) discover
[0.064s] INFO:colcon.colcon_core.package_discovery:Crawling recursively for packages in '/home/ch/Workspace/autonomous_turtle/turtlesim'
[0.064s] Level 1:colcon.colcon_core.package_identification:_identify(.) by extensions ['ignore', 'ignore_ament_install']
[0.064s] Level 1:colcon.colcon_core.package_identification:_identify(.) by extension 'ignore'
[0.064s] Level 1:colcon.colcon_core.package_identification:_identify(.) by extension 'ignore_ament_install'
[0.064s] Level 1:colcon.colcon_core.package_identification:_identify(.) by extensions ['colcon_pkg']
[0.064s] Level 1:colcon.colcon_core.package_identification:_identify(.) by extension 'colcon_pkg'
[0.064s] Level 1:colcon.colcon_core.package_identification:_identify(.) by extensions ['colcon_meta']
[0.064s] Level 1:colcon.colcon_core.package_identification:_identify(.) by extension 'colcon_meta'
[0.064s] Level 1:colcon.colcon_core.package_identification:_identify(.) by extensions ['ros']
[0.064s] Level 1:colcon.colcon_core.package_identification:_identify(.) by extension 'ros'
[0.077s] DEBUG:colcon.colcon_core.package_identification:Found ROS schema reference in package manifest in '.'
[0.077s] WARNING:colcon.colcon_core.package_identification:Failed to parse ROS package manifest in '.': Error(s) in package './package.xml':
Error(s):
- The generic dependency on 'rclpy' is redundant with: exec_depend
[0.077s] Level 1:colcon.colcon_core.package_identification:_identify(.) by extensions ['cmake', 'python']
[0.077s] Level 1:colcon.colcon_core.package_identification:_identify(.) by extension 'cmake'
[0.077s] Level 1:colcon.colcon_core.package_identification:_identify(.) by extension 'python'
[0.077s] DEBUG:colcon.colcon_core.package_identification:Python package in '.' passes arguments to the setup() function which requires a different identification extension than 'python'
[0.077s] Level 1:colcon.colcon_core.package_identification:_identify(.) by extensions ['python_setup_py']
[0.077s] Level 1:colcon.colcon_core.package_identification:_identify(.) by extension 'python_setup_py'
[0.172s] DEBUG:colcon.colcon_core.package_identification:Package '.' with type 'python' and name 'turtlesim'
[0.172s] Level 1:colcon.colcon_core.package_discovery:discover_packages(recursive) using defaults
[0.172s] Level 1:colcon.colcon_core.package_discovery:discover_packages(ignore) discover
[0.172s] Level 1:colcon.colcon_core.package_discovery:discover_packages(ignore) using defaults
[0.172s] Level 1:colcon.colcon_core.package_discovery:discover_packages(path) discover
[0.172s] Level 1:colcon.colcon_core.package_discovery:discover_packages(path) using defaults
[0.180s] Level 1:colcon.colcon_core.package_discovery:discover_packages(prefix_path) check parameters
[0.180s] Level 1:colcon.colcon_core.package_discovery:discover_packages(prefix_path) discover
[0.181s] DEBUG:colcon.colcon_installed_package_information.package_discovery:Found 1 installed packages in /home/ch/Workspace/autonomous_turtle/install
[0.182s] DEBUG:colcon.colcon_installed_package_information.package_discovery:Found 285 installed packages in /opt/ros/jazzy
[0.182s] Level 1:colcon.colcon_core.package_discovery:discover_packages(prefix_path) using defaults
[0.198s] WARNING:colcon.colcon_core.package_selection:Some selected packages are already built in one or more underlay workspaces:
	'turtlesim' is in: /home/ch/Workspace/autonomous_turtle/install/turtlesim, /opt/ros/jazzy
If a package in a merged underlay workspace is overridden and it installs headers, then all packages in the overlay must sort their include directories by workspace order. Failure to do so may result in build failures or undefined behavior at run time.
If the overridden package is used by another package in any underlay, then the overriding package in the overlay must be API and ABI compatible or undefined behavior at run time may occur.

If you understand the risks and want to override a package anyways, add the following to the command line:
	--allow-overriding turtlesim

This may be promoted to an error in a future release of colcon-override-check.
[0.198s] Level 5:colcon.colcon_core.verb:set package 'turtlesim' build argument 'cmake_args' from command line to 'None'
[0.198s] Level 5:colcon.colcon_core.verb:set package 'turtlesim' build argument 'cmake_target' from command line to 'None'
[0.198s] Level 5:colcon.colcon_core.verb:set package 'turtlesim' build argument 'cmake_target_skip_unavailable' from command line to 'False'
[0.198s] Level 5:colcon.colcon_core.verb:set package 'turtlesim' build argument 'cmake_clean_cache' from command line to 'False'
[0.198s] Level 5:colcon.colcon_core.verb:set package 'turtlesim' build argument 'cmake_clean_first' from command line to 'False'
[0.198s] Level 5:colcon.colcon_core.verb:set package 'turtlesim' build argument 'cmake_force_configure' from command line to 'False'
[0.198s] Level 5:colcon.colcon_core.verb:set package 'turtlesim' build argument 'ament_cmake_args' from command line to 'None'
[0.198s] Level 5:colcon.colcon_core.verb:set package 'turtlesim' build argument 'catkin_cmake_args' from command line to 'None'
[0.198s] Level 5:colcon.colcon_core.verb:set package 'turtlesim' build argument 'catkin_skip_building_tests' from command line to 'False'
[0.198s] DEBUG:colcon.colcon_core.verb:Building package 'turtlesim' with the following arguments: {'ament_cmake_args': None, 'build_base': '/home/ch/Workspace/autonomous_turtle/turtlesim/build/turtlesim', 'catkin_cmake_args': None, 'catkin_skip_building_tests': False, 'cmake_args': None, 'cmake_clean_cache': False, 'cmake_clean_first': False, 'cmake_force_configure': False, 'cmake_target': None, 'cmake_target_skip_unavailable': False, 'install_base': '/home/ch/Workspace/autonomous_turtle/turtlesim/install/turtlesim', 'merge_install': False, 'path': '/home/ch/Workspace/autonomous_turtle/turtlesim', 'symlink_install': True, 'test_result_base': None}
[0.198s] INFO:colcon.colcon_core.executor:Executing jobs using 'parallel' executor
[0.199s] DEBUG:colcon.colcon_parallel_executor.executor.parallel:run_until_complete
[0.199s] INFO:colcon.colcon_core.task.python.build:Building Python package in '/home/ch/Workspace/autonomous_turtle/turtlesim'
[0.200s] INFO:colcon.colcon_core.plugin_system:Skipping extension 'colcon_core.shell.bat': Not used on non-Windows systems
[0.200s] INFO:colcon.colcon_core.shell:Skip shell extension 'powershell' for command environment: Not usable outside of PowerShell
[0.200s] DEBUG:colcon.colcon_core.shell:Skip shell extension 'dsv' for command environment
[0.539s] DEBUG:colcon.colcon_core.event_handler.log_command:Invoking command in '/home/ch/Workspace/autonomous_turtle/turtlesim/build/turtlesim': DEBUGINFOD_URLS=https://debuginfod.ubuntu.com PYTHONPATH=/home/ch/Workspace/autonomous_turtle/turtlesim/build/turtlesim/prefix_override:/usr/lib/python3/dist-packages/colcon_core/task/python/colcon_distutils_commands:/home/ch/Workspace/autonomous_turtle/turtlesim/install/turtlesim/lib/python3.12/site-packages:${PYTHONPATH} /usr/bin/python3 -W ignore:setup.py install is deprecated -W ignore:easy_install command is deprecated setup.py develop --editable --build-directory /home/ch/Workspace/autonomous_turtle/turtlesim/build/turtlesim/build --no-deps symlink_data
[0.813s] Level 1:colcon.colcon_core.shell:create_environment_hook('turtlesim', 'pythonpath_develop')
[0.813s] INFO:colcon.colcon_core.shell:Creating environment hook '/home/ch/Workspace/autonomous_turtle/turtlesim/build/turtlesim/share/turtlesim/hook/pythonpath_develop.ps1'
[0.814s] DEBUG:colcon.colcon_core.event_handler.log_command:Invoked command in '/home/ch/Workspace/autonomous_turtle/turtlesim/build/turtlesim' returned '0': DEBUGINFOD_URLS=https://debuginfod.ubuntu.com PYTHONPATH=/home/ch/Workspace/autonomous_turtle/turtlesim/build/turtlesim/prefix_override:/usr/lib/python3/dist-packages/colcon_core/task/python/colcon_distutils_commands:/home/ch/Workspace/autonomous_turtle/turtlesim/install/turtlesim/lib/python3.12/site-packages:${PYTHONPATH} /usr/bin/python3 -W ignore:setup.py install is deprecated -W ignore:easy_install command is deprecated setup.py develop --editable --build-directory /home/ch/Workspace/autonomous_turtle/turtlesim/build/turtlesim/build --no-deps symlink_data
[0.814s] INFO:colcon.colcon_core.shell:Creating environment descriptor '/home/ch/Workspace/autonomous_turtle/turtlesim/build/turtlesim/share/turtlesim/hook/pythonpath_develop.dsv'
[0.814s] INFO:colcon.colcon_core.shell:Creating environment hook '/home/ch/Workspace/autonomous_turtle/turtlesim/build/turtlesim/share/turtlesim/hook/pythonpath_develop.sh'
[0.815s] Level 1:colcon.colcon_core.environment:checking '/home/ch/Workspace/autonomous_turtle/turtlesim/install/turtlesim' for CMake module files
[0.815s] Level 1:colcon.colcon_core.environment:checking '/home/ch/Workspace/autonomous_turtle/turtlesim/install/turtlesim' for CMake config files
[0.815s] Level 1:colcon.colcon_core.environment:checking '/home/ch/Workspace/autonomous_turtle/turtlesim/install/turtlesim/lib'
[0.815s] Level 1:colcon.colcon_core.environment:checking '/home/ch/Workspace/autonomous_turtle/turtlesim/install/turtlesim/bin'
[0.815s] Level 1:colcon.colcon_core.environment:checking '/home/ch/Workspace/autonomous_turtle/turtlesim/install/turtlesim/lib/pkgconfig/turtlesim.pc'
[0.816s] Level 1:colcon.colcon_core.environment:checking '/home/ch/Workspace/autonomous_turtle/turtlesim/install/turtlesim/lib/python3.12/site-packages'
[0.816s] Level 1:colcon.colcon_core.shell:create_environment_hook('turtlesim', 'pythonpath')
[0.816s] INFO:colcon.colcon_core.shell:Creating environment hook '/home/ch/Workspace/autonomous_turtle/turtlesim/install/turtlesim/share/turtlesim/hook/pythonpath.ps1'
[0.816s] INFO:colcon.colcon_core.shell:Creating environment descriptor '/home/ch/Workspace/autonomous_turtle/turtlesim/install/turtlesim/share/turtlesim/hook/pythonpath.dsv'
[0.816s] INFO:colcon.colcon_core.shell:Creating environment hook '/home/ch/Workspace/autonomous_turtle/turtlesim/install/turtlesim/share/turtlesim/hook/pythonpath.sh'
[0.816s] Level 1:colcon.colcon_core.environment:checking '/home/ch/Workspace/autonomous_turtle/turtlesim/install/turtlesim/bin'
[0.816s] Level 1:colcon.colcon_core.environment:create_environment_scripts_only(turtlesim)
[0.816s] INFO:colcon.colcon_core.shell:Creating package script '/home/ch/Workspace/autonomous_turtle/turtlesim/install/turtlesim/share/turtlesim/package.ps1'
[0.817s] INFO:colcon.colcon_core.shell:Creating package descriptor '/home/ch/Workspace/autonomous_turtle/turtlesim/install/turtlesim/share/turtlesim/package.dsv'
[0.817s] INFO:colcon.colcon_core.shell:Creating package script '/home/ch/Workspace/autonomous_turtle/turtlesim/install/turtlesim/share/turtlesim/package.sh'
[0.817s] INFO:colcon.colcon_core.shell:Creating package script '/home/ch/Workspace/autonomous_turtle/turtlesim/install/turtlesim/share/turtlesim/package.bash'
[0.817s] INFO:colcon.colcon_core.shell:Creating package script '/home/ch/Workspace/autonomous_turtle/turtlesim/install/turtlesim/share/turtlesim/package.zsh'
[0.817s] Level 1:colcon.colcon_core.environment:create_file_with_runtime_dependencies(/home/ch/Workspace/autonomous_turtle/turtlesim/install/turtlesim/share/colcon-core/packages/turtlesim)
[0.818s] DEBUG:colcon.colcon_parallel_executor.executor.parallel:closing loop
[0.818s] DEBUG:colcon.colcon_parallel_executor.executor.parallel:loop closed
[0.818s] DEBUG:colcon.colcon_parallel_executor.executor.parallel:run_until_complete finished with '0'
[0.818s] DEBUG:colcon.colcon_core.event_reactor:joining thread
[0.820s] INFO:colcon.colcon_core.plugin_system:Skipping extension 'colcon_notification.desktop_notification.terminal_notifier': Not used on non-Darwin systems
[0.820s] INFO:colcon.colcon_core.plugin_system:Skipping extension 'colcon_notification.desktop_notification.win32': Not used on non-Windows systems
[0.820s] INFO:colcon.colcon_notification.desktop_notification:Sending desktop notification using 'notify2'
[0.833s] DEBUG:colcon.colcon_core.event_reactor:joined thread
[0.833s] INFO:colcon.colcon_core.shell:Creating prefix script '/home/ch/Workspace/autonomous_turtle/turtlesim/install/local_setup.ps1'
[0.833s] INFO:colcon.colcon_core.shell:Creating prefix util module '/home/ch/Workspace/autonomous_turtle/turtlesim/install/_local_setup_util_ps1.py'
[0.834s] INFO:colcon.colcon_core.shell:Creating prefix chain script '/home/ch/Workspace/autonomous_turtle/turtlesim/install/setup.ps1'
[0.834s] INFO:colcon.colcon_core.shell:Creating prefix script '/home/ch/Workspace/autonomous_turtle/turtlesim/install/local_setup.sh'
[0.834s] INFO:colcon.colcon_core.shell:Creating prefix util module '/home/ch/Workspace/autonomous_turtle/turtlesim/install/_local_setup_util_sh.py'
[0.834s] INFO:colcon.colcon_core.shell:Creating prefix chain script '/home/ch/Workspace/autonomous_turtle/turtlesim/install/setup.sh'
[0.835s] INFO:colcon.colcon_core.shell:Creating prefix script '/home/ch/Workspace/autonomous_turtle/turtlesim/install/local_setup.bash'
[0.835s] INFO:colcon.colcon_core.shell:Creating prefix chain script '/home/ch/Workspace/autonomous_turtle/turtlesim/install/setup.bash'
[0.835s] INFO:colcon.colcon_core.shell:Creating prefix script '/home/ch/Workspace/autonomous_turtle/turtlesim/install/local_setup.zsh'
[0.835s] INFO:colcon.colcon_core.shell:Creating prefix chain script '/home/ch/Workspace/autonomous_turtle/turtlesim/install/setup.zsh'
