[0.356s] Invoking command in '/home/ch/Workspace/autonomous_turtle/turtlesim': DEBUGINFOD_URLS=https://debuginfod.ubuntu.com PYTHONPATH=/home/ch/Workspace/autonomous_turtle/build/turtlesim/prefix_override:/usr/lib/python3/dist-packages/colcon_core/task/python/colcon_distutils_commands:/home/ch/Workspace/autonomous_turtle/install/turtlesim/lib/python3.12/site-packages:${PYTHONPATH} /usr/bin/python3 -W ignore:setup.py install is deprecated -W ignore:easy_install command is deprecated setup.py egg_info --egg-base ../build/turtlesim build --build-base /home/ch/Workspace/autonomous_turtle/build/turtlesim/build install --record /home/ch/Workspace/autonomous_turtle/build/turtlesim/install.log --single-version-externally-managed install_data
[0.473s] running egg_info
[0.473s] creating ../build/turtlesim/turtlesim.egg-info
[0.481s] writing ../build/turtlesim/turtlesim.egg-info/PKG-INFO
[0.481s] writing dependency_links to ../build/turtlesim/turtlesim.egg-info/dependency_links.txt
[0.481s] writing requirements to ../build/turtlesim/turtlesim.egg-info/requires.txt
[0.481s] writing top-level names to ../build/turtlesim/turtlesim.egg-info/top_level.txt
[0.481s] writing manifest file '../build/turtlesim/turtlesim.egg-info/SOURCES.txt'
[0.497s] reading manifest file '../build/turtlesim/turtlesim.egg-info/SOURCES.txt'
[0.497s] writing manifest file '../build/turtlesim/turtlesim.egg-info/SOURCES.txt'
[0.497s] running build
[0.497s] running build_py
[0.497s] creating /home/ch/Workspace/autonomous_turtle/build/turtlesim/build
[0.497s] creating /home/ch/Workspace/autonomous_turtle/build/turtlesim/build/lib
[0.497s] creating /home/ch/Workspace/autonomous_turtle/build/turtlesim/build/lib/turtlesim
[0.497s] copying turtlesim/__init__.py -> /home/ch/Workspace/autonomous_turtle/build/turtlesim/build/lib/turtlesim
[0.497s] copying turtlesim/pose_subscribe.py -> /home/ch/Workspace/autonomous_turtle/build/turtlesim/build/lib/turtlesim
[0.497s] running install
[0.500s] running install_lib
[0.508s] creating /home/ch/Workspace/autonomous_turtle/install/turtlesim/lib/python3.12/site-packages/turtlesim
[0.509s] copying /home/ch/Workspace/autonomous_turtle/build/turtlesim/build/lib/turtlesim/__init__.py -> /home/ch/Workspace/autonomous_turtle/install/turtlesim/lib/python3.12/site-packages/turtlesim
[0.509s] copying /home/ch/Workspace/autonomous_turtle/build/turtlesim/build/lib/turtlesim/pose_subscribe.py -> /home/ch/Workspace/autonomous_turtle/install/turtlesim/lib/python3.12/site-packages/turtlesim
[0.509s] byte-compiling /home/ch/Workspace/autonomous_turtle/install/turtlesim/lib/python3.12/site-packages/turtlesim/__init__.py to __init__.cpython-312.pyc
[0.509s] byte-compiling /home/ch/Workspace/autonomous_turtle/install/turtlesim/lib/python3.12/site-packages/turtlesim/pose_subscribe.py to pose_subscribe.cpython-312.pyc
[0.509s] running install_data
[0.509s] creating /home/ch/Workspace/autonomous_turtle/install/turtlesim/share
[0.509s] creating /home/ch/Workspace/autonomous_turtle/install/turtlesim/share/ament_index
[0.509s] creating /home/ch/Workspace/autonomous_turtle/install/turtlesim/share/ament_index/resource_index
[0.509s] creating /home/ch/Workspace/autonomous_turtle/install/turtlesim/share/ament_index/resource_index/packages
[0.509s] copying resource/turtlesim -> /home/ch/Workspace/autonomous_turtle/install/turtlesim/share/ament_index/resource_index/packages
[0.509s] creating /home/ch/Workspace/autonomous_turtle/install/turtlesim/share/turtlesim
[0.509s] copying package.xml -> /home/ch/Workspace/autonomous_turtle/install/turtlesim/share/turtlesim
[0.509s] running install_egg_info
[0.518s] Copying ../build/turtlesim/turtlesim.egg-info to /home/ch/Workspace/autonomous_turtle/install/turtlesim/lib/python3.12/site-packages/turtlesim-0.0.0-py3.12.egg-info
[0.518s] running install_scripts
[0.579s] writing list of installed files to '/home/ch/Workspace/autonomous_turtle/build/turtlesim/install.log'
[0.593s] Invoked command in '/home/ch/Workspace/autonomous_turtle/turtlesim' returned '0': DEBUGINFOD_URLS=https://debuginfod.ubuntu.com PYTHONPATH=/home/ch/Workspace/autonomous_turtle/build/turtlesim/prefix_override:/usr/lib/python3/dist-packages/colcon_core/task/python/colcon_distutils_commands:/home/ch/Workspace/autonomous_turtle/install/turtlesim/lib/python3.12/site-packages:${PYTHONPATH} /usr/bin/python3 -W ignore:setup.py install is deprecated -W ignore:easy_install command is deprecated setup.py egg_info --egg-base ../build/turtlesim build --build-base /home/ch/Workspace/autonomous_turtle/build/turtlesim/build install --record /home/ch/Workspace/autonomous_turtle/build/turtlesim/install.log --single-version-externally-managed install_data
